<?xml version="1.0" encoding="UTF-8"?>
<testsuite name="com.example.orderservice.simple.GenerateUUID" tests="1" skipped="0" failures="0" errors="0" timestamp="2023-06-08T01:08:05" hostname="Y000018240-M01A.local" time="0.27">
  <properties/>
  <testcase name="getUUID()" classname="com.example.orderservice.simple.GenerateUUID" time="0.27"/>
  <system-out><![CDATA[10:07:42.448 [Test worker] DEBUG org.springframework.test.context.BootstrapUtils - Instantiating CacheAwareContextLoaderDelegate from class [org.springframework.test.context.cache.DefaultCacheAwareContextLoaderDelegate]
10:07:42.461 [Test worker] DEBUG org.springframework.test.context.BootstrapUtils - Instantiating BootstrapContext using constructor [public org.springframework.test.context.support.DefaultBootstrapContext(java.lang.Class,org.springframework.test.context.CacheAwareContextLoaderDelegate)]
10:07:42.587 [Test worker] DEBUG org.springframework.test.context.BootstrapUtils - Instantiating TestContextBootstrapper for test class [com.example.orderservice.simple.GenerateUUID] from class [org.springframework.boot.test.context.SpringBootTestContextBootstrapper]
10:07:42.604 [Test worker] INFO org.springframework.boot.test.context.SpringBootTestContextBootstrapper - Neither @ContextConfiguration nor @ContextHierarchy found for test class [com.example.orderservice.simple.GenerateUUID], using SpringBootContextLoader
10:07:42.614 [Test worker] DEBUG org.springframework.test.context.support.AbstractContextLoader - Did not detect default resource location for test class [com.example.orderservice.simple.GenerateUUID]: class path resource [com/example/orderservice/simple/GenerateUUID-context.xml] does not exist
10:07:42.615 [Test worker] DEBUG org.springframework.test.context.support.AbstractContextLoader - Did not detect default resource location for test class [com.example.orderservice.simple.GenerateUUID]: class path resource [com/example/orderservice/simple/GenerateUUIDContext.groovy] does not exist
10:07:42.615 [Test worker] INFO org.springframework.test.context.support.AbstractContextLoader - Could not detect default resource locations for test class [com.example.orderservice.simple.GenerateUUID]: no resource found for suffixes {-context.xml, Context.groovy}.
10:07:42.616 [Test worker] INFO org.springframework.test.context.support.AnnotationConfigContextLoaderUtils - Could not detect default configuration classes for test class [com.example.orderservice.simple.GenerateUUID]: GenerateUUID does not declare any static, non-private, non-final, nested classes annotated with @Configuration.
10:07:42.686 [Test worker] DEBUG org.springframework.test.context.support.ActiveProfilesUtils - Could not find an 'annotation declaring class' for annotation type [org.springframework.test.context.ActiveProfiles] and class [com.example.orderservice.simple.GenerateUUID]
10:07:42.793 [Test worker] DEBUG org.springframework.context.annotation.ClassPathScanningCandidateComponentProvider - Identified candidate component class: file [/Users/jaewook.lee/Dev/example/axon/AxonSagaExample/OrderService/build/classes/java/main/com/example/orderservice/OrderServiceApplication.class]
10:07:42.798 [Test worker] INFO org.springframework.boot.test.context.SpringBootTestContextBootstrapper - Found @SpringBootConfiguration com.example.orderservice.OrderServiceApplication for test class com.example.orderservice.simple.GenerateUUID
10:07:42.956 [Test worker] DEBUG org.springframework.boot.test.context.SpringBootTestContextBootstrapper - @TestExecutionListeners is not present for class [com.example.orderservice.simple.GenerateUUID]: using defaults.
10:07:42.957 [Test worker] INFO org.springframework.boot.test.context.SpringBootTestContextBootstrapper - Loaded default TestExecutionListener class names from location [META-INF/spring.factories]: [org.springframework.boot.test.autoconfigure.restdocs.RestDocsTestExecutionListener, org.springframework.boot.test.autoconfigure.web.client.MockRestServiceServerResetTestExecutionListener, org.springframework.boot.test.autoconfigure.web.servlet.MockMvcPrintOnlyOnFailureTestExecutionListener, org.springframework.boot.test.autoconfigure.web.servlet.WebDriverTestExecutionListener, org.springframework.boot.test.autoconfigure.webservices.client.MockWebServiceServerTestExecutionListener, org.springframework.boot.test.mock.mockito.MockitoTestExecutionListener, org.springframework.boot.test.mock.mockito.ResetMocksTestExecutionListener, org.springframework.test.context.web.ServletTestExecutionListener, org.springframework.test.context.support.DirtiesContextBeforeModesTestExecutionListener, org.springframework.test.context.event.ApplicationEventsTestExecutionListener, org.springframework.test.context.support.DependencyInjectionTestExecutionListener, org.springframework.test.context.support.DirtiesContextTestExecutionListener, org.springframework.test.context.transaction.TransactionalTestExecutionListener, org.springframework.test.context.jdbc.SqlScriptsTestExecutionListener, org.springframework.test.context.event.EventPublishingTestExecutionListener]
10:07:43.042 [Test worker] INFO org.springframework.boot.test.context.SpringBootTestContextBootstrapper - Using TestExecutionListeners: [org.springframework.test.context.web.ServletTestExecutionListener@475b7792, org.springframework.test.context.support.DirtiesContextBeforeModesTestExecutionListener@751e664e, org.springframework.test.context.event.ApplicationEventsTestExecutionListener@160c3ec1, org.springframework.boot.test.mock.mockito.MockitoTestExecutionListener@182b435b, org.springframework.boot.test.autoconfigure.SpringBootDependencyInjectionTestExecutionListener@4d0402b, org.springframework.test.context.support.DirtiesContextTestExecutionListener@2fa7ae9, org.springframework.test.context.transaction.TransactionalTestExecutionListener@7577b641, org.springframework.test.context.jdbc.SqlScriptsTestExecutionListener@3704122f, org.springframework.test.context.event.EventPublishingTestExecutionListener@3153ddfc, org.springframework.boot.test.autoconfigure.restdocs.RestDocsTestExecutionListener@60afd40d, org.springframework.boot.test.autoconfigure.web.client.MockRestServiceServerResetTestExecutionListener@28a2a3e7, org.springframework.boot.test.autoconfigure.web.servlet.MockMvcPrintOnlyOnFailureTestExecutionListener@3f2049b6, org.springframework.boot.test.autoconfigure.web.servlet.WebDriverTestExecutionListener@10b3df93, org.springframework.boot.test.autoconfigure.webservices.client.MockWebServiceServerTestExecutionListener@ea27e34, org.springframework.boot.test.mock.mockito.ResetMocksTestExecutionListener@33a2499c]
10:07:43.051 [Test worker] DEBUG org.springframework.test.context.support.AbstractDirtiesContextTestExecutionListener - Before test class: context [DefaultTestContext@3ad394e6 testClass = GenerateUUID, testInstance = [null], testMethod = [null], testException = [null], mergedContextConfiguration = [WebMergedContextConfiguration@6058e535 testClass = GenerateUUID, locations = '{}', classes = '{class com.example.orderservice.OrderServiceApplication}', contextInitializerClasses = '[]', activeProfiles = '{}', propertySourceLocations = '{}', propertySourceProperties = '{org.springframework.boot.test.context.SpringBootTestContextBootstrapper=true}', contextCustomizers = set[org.springframework.boot.test.autoconfigure.actuate.metrics.MetricsExportContextCustomizerFactory$DisableMetricExportContextCustomizer@183e8023, org.springframework.boot.test.autoconfigure.properties.PropertyMappingContextCustomizer@0, org.springframework.boot.test.autoconfigure.web.servlet.WebDriverContextCustomizerFactory$Customizer@56bca85b, org.springframework.boot.test.context.filter.ExcludeFilterContextCustomizer@22b53226, org.springframework.boot.test.json.DuplicateJsonObjectContextCustomizerFactory$DuplicateJsonObjectContextCustomizer@ea9b7c6, org.springframework.boot.test.mock.mockito.MockitoContextCustomizer@0, org.springframework.boot.test.web.client.TestRestTemplateContextCustomizer@41813449, org.springframework.boot.test.context.SpringBootTestArgs@1, org.springframework.boot.test.context.SpringBootTestWebEnvironment@16c069df], resourceBasePath = 'src/main/webapp', contextLoader = 'org.springframework.boot.test.context.SpringBootContextLoader', parent = [null]], attributes = map['org.springframework.test.context.web.ServletTestExecutionListener.activateListener' -> true]], class annotated with @DirtiesContext [false] with mode [null].

  .   ____          _            __ _ _
 /\\ / ___'_ __ _ _(_)_ __  __ _ \ \ \ \
( ( )\___ | '_ | '_| | '_ \/ _` | \ \ \ \
 \\/  ___)| |_)| | | | | || (_| |  ) ) ) )
  '  |____| .__|_| |_|_| |_\__, | / / / /
 =========|_|==============|___/=/_/_/_/
 :: Spring Boot ::               (v2.7.12)

2023-06-08 10:07:48.877  INFO 91039 --- [    Test worker] c.e.orderservice.simple.GenerateUUID     : Starting GenerateUUID using Java 11.0.19 on Y000018240-M01A.local with PID 91039 (started by jaewook.lee in /Users/jaewook.lee/Dev/example/axon/AxonSagaExample/OrderService)
2023-06-08 10:07:48.879  INFO 91039 --- [    Test worker] c.e.orderservice.simple.GenerateUUID     : No active profile set, falling back to 1 default profile: "default"
2023-06-08 10:07:50.768  INFO 91039 --- [    Test worker] .s.d.r.c.RepositoryConfigurationDelegate : Bootstrapping Spring Data JPA repositories in DEFAULT mode.
2023-06-08 10:07:50.920  INFO 91039 --- [    Test worker] .s.d.r.c.RepositoryConfigurationDelegate : Finished Spring Data repository scanning in 139 ms. Found 1 JPA repository interfaces.
2023-06-08 10:07:52.631  INFO 91039 --- [    Test worker] o.hibernate.jpa.internal.util.LogHelper  : HHH000204: Processing PersistenceUnitInfo [name: default]
2023-06-08 10:07:52.697  INFO 91039 --- [    Test worker] org.hibernate.Version                    : HHH000412: Hibernate ORM core version 5.6.15.Final
2023-06-08 10:07:52.910  INFO 91039 --- [    Test worker] o.hibernate.annotations.common.Version   : HCANN000001: Hibernate Commons Annotations {5.1.2.Final}
2023-06-08 10:07:53.090  INFO 91039 --- [    Test worker] com.zaxxer.hikari.HikariDataSource       : HikariPool-1 - Starting...
2023-06-08 10:07:53.539  INFO 91039 --- [    Test worker] com.zaxxer.hikari.HikariDataSource       : HikariPool-1 - Start completed.
2023-06-08 10:07:53.571  INFO 91039 --- [    Test worker] org.hibernate.dialect.Dialect            : HHH000400: Using dialect: org.hibernate.dialect.H2Dialect
2023-06-08 10:07:54.956  INFO 91039 --- [    Test worker] o.h.e.t.j.p.i.JtaPlatformInitiator       : HHH000490: Using JtaPlatform implementation: [org.hibernate.engine.transaction.jta.platform.internal.NoJtaPlatform]
2023-06-08 10:07:54.971  INFO 91039 --- [    Test worker] j.LocalContainerEntityManagerFactoryBean : Initialized JPA EntityManagerFactory for persistence unit 'default'
2023-06-08 10:07:55.535  WARN 91039 --- [    Test worker] JpaBaseConfiguration$JpaWebConfiguration : spring.jpa.open-in-view is enabled by default. Therefore, database queries may be performed during view rendering. Explicitly configure spring.jpa.open-in-view to disable this warning
2023-06-08 10:07:56.172  INFO 91039 --- [    Test worker] o.s.b.a.h2.H2ConsoleAutoConfiguration    : H2 console available at '/h2-console'. Database available at 'jdbc:h2:file:~/data/axon/orderDB'
2023-06-08 10:07:56.813  INFO 91039 --- [    Test worker] o.a.s.a.XStreamAutoConfiguration         : Initializing an XStream instance since none was found. The auto configuration base packages will be used as wildcards for the XStream security settings.
2023-06-08 10:07:57.161  INFO 91039 --- [    Test worker] o.a.s.util.XStreamSecurityTypeUtility    : Constructing wildcard type for base package [com.example.orderservice].
2023-06-08 10:07:57.162  INFO 91039 --- [    Test worker] o.a.s.util.XStreamSecurityTypeUtility    : Constructing wildcard type for base package [org.axonframework.eventhandling.tokenstore.jpa].
2023-06-08 10:07:57.162  INFO 91039 --- [    Test worker] o.a.s.util.XStreamSecurityTypeUtility    : Constructing wildcard type for base package [org.axonframework.eventhandling.deadletter.jpa].
2023-06-08 10:07:57.162  INFO 91039 --- [    Test worker] o.a.s.util.XStreamSecurityTypeUtility    : Constructing wildcard type for base package [org.axonframework.modelling.saga.repository.jpa].
2023-06-08 10:07:57.162  INFO 91039 --- [    Test worker] o.a.s.util.XStreamSecurityTypeUtility    : Constructing wildcard type for base package [org.axonframework.eventsourcing.eventstore.jpa].
2023-06-08 10:07:57.196  INFO 91039 --- [    Test worker] o.a.serialization.ChainingConverter      : ContentTypeConverter of type [class org.axonframework.serialization.xml.Dom4JToByteArrayConverter] is ignored. It seems to rely on a class that is not available in the class loader: org/dom4j/Document
2023-06-08 10:07:57.199  INFO 91039 --- [    Test worker] o.a.serialization.ChainingConverter      : ContentTypeConverter of type [class org.axonframework.serialization.xml.InputStreamToDom4jConverter] is ignored. It seems to rely on a class that is not available in the class loader: org/dom4j/Document
2023-06-08 10:07:57.200  INFO 91039 --- [    Test worker] o.a.serialization.ChainingConverter      : ContentTypeConverter of type [class org.axonframework.serialization.xml.XomToStringConverter] is ignored. It seems to rely on a class that is not available in the class loader: nu/xom/Document
2023-06-08 10:07:57.202  INFO 91039 --- [    Test worker] o.a.serialization.ChainingConverter      : ContentTypeConverter of type [class org.axonframework.serialization.xml.InputStreamToXomConverter] is ignored. It seems to rely on a class that is not available in the class loader: nu/xom/ParsingException
2023-06-08 10:08:04.972  INFO 91039 --- [    Test worker] i.a.a.c.impl.AxonServerManagedChannel    : Requesting connection details from localhost:8124
2023-06-08 10:08:05.393  INFO 91039 --- [    Test worker] i.a.a.c.impl.AxonServerManagedChannel    : Successfully connected to localhost:8124
2023-06-08 10:08:05.409  INFO 91039 --- [    Test worker] i.a.a.connector.impl.ControlChannelImpl  : Connected instruction stream for context 'default'. Sending client identification
2023-06-08 10:08:05.435  INFO 91039 --- [    Test worker] i.a.a.c.command.impl.CommandChannelImpl  : CommandChannel for context 'default' connected, 0 command handlers registered
2023-06-08 10:08:05.441  INFO 91039 --- [    Test worker] i.a.a.c.command.impl.CommandChannelImpl  : Registered handler for command 'com.example.orderservice.command.api.command.CreateOrderCommand' in context 'default'
2023-06-08 10:08:05.449  INFO 91039 --- [    Test worker] i.a.a.c.command.impl.CommandChannelImpl  : Registered handler for command 'com.example.commonservice.commands.CompleteOrderCommand' in context 'default'
2023-06-08 10:08:05.639  INFO 91039 --- [d.api.events]-0] o.a.e.TrackingEventProcessor             : Worker assigned to segment Segment[0/0] for processing
2023-06-08 10:08:05.640  INFO 91039 --- [agaProcessor]-0] o.a.e.TrackingEventProcessor             : Worker assigned to segment Segment[0/0] for processing
2023-06-08 10:08:05.672  INFO 91039 --- [agaProcessor]-0] o.a.e.TrackingEventProcessor             : Using current Thread for last segment worker: TrackingSegmentWorker{processor=OrderProcessingSagaProcessor, segment=Segment[0/0]}
2023-06-08 10:08:05.672  INFO 91039 --- [d.api.events]-0] o.a.e.TrackingEventProcessor             : Using current Thread for last segment worker: TrackingSegmentWorker{processor=com.example.orderservice.command.api.events, segment=Segment[0/0]}
2023-06-08 10:08:05.691  INFO 91039 --- [agaProcessor]-0] o.a.e.TrackingEventProcessor             : Fetched token: null for segment: Segment[0/0]
2023-06-08 10:08:05.693  INFO 91039 --- [d.api.events]-0] o.a.e.TrackingEventProcessor             : Fetched token: null for segment: Segment[0/0]
2023-06-08 10:08:05.785  INFO 91039 --- [    Test worker] c.e.orderservice.simple.GenerateUUID     : Started GenerateUUID in 22.654 seconds (JVM running for 24.926)
172b2107-8a10-4647-b052-348e9ac60e05
8583206e-bdb5-48ff-9f09-2da190a3e2db
]]></system-out>
  <system-err><![CDATA[]]></system-err>
</testsuite>
